# JRE version: OpenJDK Runtime Environment (22.0.1+8) (build 22.0.1+8-16)
# Java VM: OpenJDK 64-Bit Server VM (22.0.1+8-16, mixed mode, emulated-client, sharing, tiered, compressed oops, compressed class ptrs, g1 gc, windows-amd64)
GC Precious Log:
 CardTable entry size: 512
 Card Set container configuration: InlinePtr #cards 5 size 8 Array Of Cards #cards 12 size 40 Howl #buckets 4 coarsen threshold 1843 Howl Bitmap #cards 512 size 80 coarsen threshold 460 Card regions per heap region 1 cards per card region 2048
 CPUs: 4 total, 4 available
 Memory: 8033M
 Large Page Support: Disabled
 NUMA Support: Disabled
 Compressed Oops: Enabled (32-bit)
 Heap Region Size: 1M
 Heap Min Capacity: 8M
 Heap Initial Capacity: 126M
 Heap Max Capacity: 2010M
 Pre-touch: Disabled
 Parallel Workers: 4
 Concurrent Workers: 1
 Concurrent Refinement Workers: 4
 Periodic GC: Disabled
Heap:
 garbage-first heap   total reserved 2058240K, committed 81920K, used 53520K [0x0000000082600000, 0x0000000100000000)
  region size 1024K, 22 young (22528K), 3 survivors (3072K)
 Metaspace       used 67899K, committed 68608K, reserved 1114112K
  class space    used 9796K, committed 10112K, reserved 1048576K
GC Heap History (20 events):
Event: 240.808 GC heap after
{Heap after GC invocations=30 (full 1):
 garbage-first heap   total reserved 2058240K, committed 67584K, used 30103K [0x0000000082600000, 0x0000000100000000)
  region size 1024K, 2 young (2048K), 2 survivors (2048K)
 Metaspace       used 66002K, committed 66752K, reserved 1114112K
  class space    used 9610K, committed 9984K, reserved 1048576K
}
Event: 241.102 GC heap before
{Heap before GC invocations=30 (full 1):
 garbage-first heap   total reserved 2058240K, committed 67584K, used 57751K [0x0000000082600000, 0x0000000100000000)
  region size 1024K, 29 young (29696K), 2 survivors (2048K)
 Metaspace       used 66409K, committed 67136K, reserved 1114112K
  class space    used 9647K, committed 9984K, reserved 1048576K
}
Event: 241.106 GC heap after
{Heap after GC invocations=31 (full 1):
 garbage-first heap   total reserved 2058240K, committed 67584K, used 33809K [0x0000000082600000, 0x0000000100000000)
  region size 1024K, 4 young (4096K), 4 survivors (4096K)
 Metaspace       used 66409K, committed 67136K, reserved 1114112K
  class space    used 9647K, committed 9984K, reserved 1048576K
}
Event: 242.736 GC heap before
{Heap before GC invocations=32 (full 1):
 garbage-first heap   total reserved 2058240K, committed 67584K, used 49169K [0x0000000082600000, 0x0000000100000000)
  region size 1024K, 20 young (20480K), 4 survivors (4096K)
 Metaspace       used 66505K, committed 67200K, reserved 1114112K
  class space    used 9661K, committed 9984K, reserved 1048576K
}
Event: 242.778 GC heap after
{Heap after GC invocations=33 (full 2):
 garbage-first heap   total reserved 2058240K, committed 67584K, used 27017K [0x0000000082600000, 0x0000000100000000)
  region size 1024K, 0 young (0K), 0 survivors (0K)
 Metaspace       used 66441K, committed 67200K, reserved 1114112K
  class space    used 9645K, committed 9984K, reserved 1048576K
}
Event: 243.203 GC heap before
{Heap before GC invocations=33 (full 2):
 garbage-first heap   total reserved 2058240K, committed 67584K, used 57737K [0x0000000082600000, 0x0000000100000000)
  region size 1024K, 30 young (30720K), 0 survivors (0K)
 Metaspace       used 66638K, committed 67328K, reserved 1114112K
  class space    used 9682K, committed 9984K, reserved 1048576K
}
Event: 243.205 GC heap after
{Heap after GC invocations=34 (full 2):
 garbage-first heap   total reserved 2058240K, committed 67584K, used 30081K [0x0000000082600000, 0x0000000100000000)
  region size 1024K, 3 young (3072K), 3 survivors (3072K)
 Metaspace       used 66638K, committed 67328K, reserved 1114112K
  class space    used 9682K, committed 9984K, reserved 1048576K
}
Event: 243.429 GC heap before
{Heap before GC invocations=35 (full 2):
 garbage-first heap   total reserved 2058240K, committed 67584K, used 57729K [0x0000000082600000, 0x0000000100000000)
  region size 1024K, 31 young (31744K), 3 survivors (3072K)
 Metaspace       used 66743K, committed 67392K, reserved 1114112K
  class space    used 9696K, committed 9984K, reserved 1048576K
}
Event: 243.432 GC heap after
{Heap after GC invocations=36 (full 2):
 garbage-first heap   total reserved 2058240K, committed 67584K, used 32076K [0x0000000082600000, 0x0000000100000000)
  region size 1024K, 3 young (3072K), 3 survivors (3072K)
 Metaspace       used 66743K, committed 67392K, reserved 1114112K
  class space    used 9696K, committed 9984K, reserved 1048576K
}
Event: 243.695 GC heap before
{Heap before GC invocations=36 (full 2):
 garbage-first heap   total reserved 2058240K, committed 67584K, used 58700K [0x0000000082600000, 0x0000000100000000)
  region size 1024K, 29 young (29696K), 3 survivors (3072K)
 Metaspace       used 67144K, committed 67840K, reserved 1114112K
  class space    used 9723K, committed 10048K, reserved 1048576K
}
Event: 243.699 GC heap after
{Heap after GC invocations=37 (full 2):
 garbage-first heap   total reserved 2058240K, committed 67584K, used 34558K [0x0000000082600000, 0x0000000100000000)
  region size 1024K, 3 young (3072K), 3 survivors (3072K)
 Metaspace       used 67144K, committed 67840K, reserved 1114112K
  class space    used 9723K, committed 10048K, reserved 1048576K
}
Event: 266.657 GC heap before
{Heap before GC invocations=37 (full 2):
 garbage-first heap   total reserved 2058240K, committed 67584K, used 50942K [0x0000000082600000, 0x0000000100000000)
  region size 1024K, 20 young (20480K), 3 survivors (3072K)
 Metaspace       used 67177K, committed 67840K, reserved 1114112K
  class space    used 9725K, committed 10048K, reserved 1048576K
}
Event: 266.695 GC heap after
{Heap after GC invocations=38 (full 3):
 garbage-first heap   total reserved 2058240K, committed 67584K, used 27559K [0x0000000082600000, 0x0000000100000000)
  region size 1024K, 0 young (0K), 0 survivors (0K)
 Metaspace       used 67174K, committed 67840K, reserved 1114112K
  class space    used 9725K, committed 10048K, reserved 1048576K
}
Event: 266.999 GC heap before
{Heap before GC invocations=38 (full 3):
 garbage-first heap   total reserved 2058240K, committed 67584K, used 57255K [0x0000000082600000, 0x0000000100000000)
  region size 1024K, 29 young (29696K), 0 survivors (0K)
 Metaspace       used 67363K, committed 68032K, reserved 1114112K
  class space    used 9753K, committed 10048K, reserved 1048576K
}
Event: 267.002 GC heap after
{Heap after GC invocations=39 (full 3):
 garbage-first heap   total reserved 2058240K, committed 67584K, used 30620K [0x0000000082600000, 0x0000000100000000)
  region size 1024K, 3 young (3072K), 3 survivors (3072K)
 Metaspace       used 67363K, committed 68032K, reserved 1114112K
  class space    used 9753K, committed 10048K, reserved 1048576K
}
Event: 267.228 GC heap before
{Heap before GC invocations=40 (full 3):
 garbage-first heap   total reserved 2058240K, committed 67584K, used 57244K [0x0000000082600000, 0x0000000100000000)
  region size 1024K, 30 young (30720K), 3 survivors (3072K)
 Metaspace       used 67446K, committed 68160K, reserved 1114112K
  class space    used 9765K, committed 10112K, reserved 1048576K
}
Event: 267.232 GC heap after
{Heap after GC invocations=41 (full 3):
 garbage-first heap   total reserved 2058240K, committed 67584K, used 32643K [0x0000000082600000, 0x0000000100000000)
  region size 1024K, 3 young (3072K), 3 survivors (3072K)
 Metaspace       used 67446K, committed 68160K, reserved 1114112K
  class space    used 9765K, committed 10112K, reserved 1048576K
}
Event: 267.542 GC heap before
{Heap before GC invocations=41 (full 3):
 garbage-first heap   total reserved 2058240K, committed 67584K, used 58243K [0x0000000082600000, 0x0000000100000000)
  region size 1024K, 28 young (28672K), 3 survivors (3072K)
 Metaspace       used 67840K, committed 68544K, reserved 1114112K
  class space    used 9791K, committed 10112K, reserved 1048576K
}
Event: 267.546 GC heap after
{Heap after GC invocations=42 (full 3):
 garbage-first heap   total reserved 2058240K, committed 81920K, used 35088K [0x0000000082600000, 0x0000000100000000)
  region size 1024K, 3 young (3072K), 3 survivors (3072K)
 Metaspace       used 67840K, committed 68544K, reserved 1114112K
  class space    used 9791K, committed 10112K, reserved 1048576K
}
Event: 269.148 GC heap before
{Heap before GC invocations=42 (full 3):
 garbage-first heap   total reserved 2058240K, committed 81920K, used 53520K [0x0000000082600000, 0x0000000100000000)
  region size 1024K, 22 young (22528K), 3 survivors (3072K)
 Metaspace       used 67899K, committed 68608K, reserved 1114112K
  class space    used 9796K, committed 10112K, reserved 1048576K
}

